Param0: 0.772298
Param1: 32
Param2: 1668
Param3: 4
Param4: 0.0630572
Param5: 0.482714

Param0: 0.152958
Param1: 1547
Param2: 537
Param3: 3
Param4: 0.0385366
Param5: 0.405129

Param0: 0.402494
Param1: 1448
Param2: 1188
Param3: 10
Param4: 0.734932
Param5: 0.186628

Param0: 0.112899
Param1: 1001
Param2: 1030
Param3: 8
Param4: 0.201987
Param5: 0.52449

Param0: 0.914414
Param1: 1096
Param2: 875
Param3: 4
Param4: 0.472255
Param5: 0.583133

Param0: 0.190713
Param1: 620
Param2: 1901
Param3: 16
Param4: 0.236911
Param5: 0.675548

Param0: 0.254109
Param1: 1608
Param2: 1834
Param3: 6
Param4: 0.12912
Param5: 0.505009

Param0: 0.816245
Param1: 1254
Param2: 48
Param3: 14
Param4: 0.739384
Param5: 0.271858

Param0: 0.796125
Param1: 930
Param2: 1290
Param3: 2
Param4: 0.0447788
Param5: 0.765874

Param0: 0.293545
Param1: 1210
Param2: 1275
Param3: 8
Param4: 0.287926
Param5: 0.0896374

Param0: 0.617239
Param1: 1858
Param2: 724
Param3: 4
Param4: 0.342723
Param5: 0.00686329

Param0: 0.283422
Param1: 957
Param2: 47
Param3: 6
Param4: 0.236507
Param5: 0.545641

Param0: 0.80321
Param1: 1089
Param2: 1749
Param3: 10
Param4: 0.739228
Param5: 0.034627

Param0: 0.437181
Param1: 1396
Param2: 680
Param3: 11
Param4: 0.411995
Param5: 0.223862

Param0: 0.736755
Param1: 1270
Param2: 1134
Param3: 5
Param4: 0.0220989
Param5: 0.94032

Param0: 0.626751
Param1: 1618
Param2: 1931
Param3: 20
Param4: 0.837611
Param5: 0.621096

Param0: 0.414786
Param1: 623
Param2: 1862
Param3: 18
Param4: 0.415783
Param5: 0.212771

Param0: 0.491991
Param1: 1783
Param2: 748
Param3: 6
Param4: 0.901978
Param5: 0.510028

Param0: 0.747252
Param1: 118
Param2: 1859
Param3: 2
Param4: 0.94349
Param5: 0.675404

Param0: 0.427704
Param1: 832
Param2: 1179
Param3: 6
Param4: 0.16901
Param5: 0.452807

